01:00:06 com_github_zykrah_kicad-kle-placer.kle_placer_action 497: Plugin executed with python version: '3.11.5 (main, Jan 19 2024, 08:13:45) [MSC v.1936 64 bit (AMD64)]'
01:00:09 com_github_zykrah_kicad-kle-placer.kle_placer_action 512: User layout: Keyboard(meta=KeyboardMetadata(backcolor='#eeeeee', name='', author='', notes='', background=None, radii='', switchMount='', switchBrand='', switchType='', plate=False, pcb=False), keys=[Key(color='#cccccc', labels=['Num Lock', '', '', '', '', '', '', '', '', '', '', ''], text_color=[None, None, None, None, None, None, None, None, None, None, None, None], text_size=[None, None, None, None, None, None, None, None, None, None, None, None], default=KeyDefault(text_color='#000000', text_size=3), x=0.0, y=0.0, width=1.0, height=1.0, x2=0.0, y2=0.0, width2=1.0, height2=1.0, rotation_x=0.0, rotation_y=0.0, rotation_angle=0.0, decal=False, ghost=False, stepped=False, nub=False, profile='', sm='', sb='', st=''), Key(color='#cccccc', labels=['/', '', '', '', '', '', '', '', '', '', '', ''], text_color=[None, None, None, None, None, None, None, None, None, None, None, None], text_size=[None, None, None, None, None, None, None, None, None, None, None, None], default=KeyDefault(text_color='#000000', text_size=3), x=1.0, y=0.0, width=1, height=1, x2=0, y2=0, width2=1, height2=1, rotation_x=0.0, rotation_y=0.0, rotation_angle=0.0, decal=False, ghost=False, stepped=False, nub=False, profile='', sm='', sb='', st=''), Key(color='#cccccc', labels=['*', '', '', '', '', '', '', '', '', '', '', ''], text_color=[None, None, None, None, None, None, None, None, None, None, None, None], text_size=[None, None, None, None, None, None, None, None, None, None, None, None], default=KeyDefault(text_color='#000000', text_size=3), x=2.0, y=0.0, width=1, height=1, x2=0, y2=0, width2=1, height2=1, rotation_x=0.0, rotation_y=0.0, rotation_angle=0.0, decal=False, ghost=False, stepped=False, nub=False, profile='', sm='', sb='', st=''), Key(color='#cccccc', labels=['-', '', '', '', '', '', '', '', '', '', '', ''], text_color=[None, None, None, None, None, None, None, None, None, None, None, None], text_size=[None, None, None, None, None, None, None, None, None, None, None, None], default=KeyDefault(text_color='#000000', text_size=3), x=3.0, y=0.0, width=1, height=1, x2=0, y2=0, width2=1, height2=1, rotation_x=0.0, rotation_y=0.0, rotation_angle=0.0, decal=False, ghost=False, stepped=False, nub=False, profile='', sm='', sb='', st=''), Key(color='#cccccc', labels=["<h5><b>Getting Started with Keyboard-Layout-Editor.com</b></h5><p>Keyboard-layout-editor.com is a web application that enables the editing of keyboard-layouts, i.e., the position and appearance of each physical key.</p><p>Start by exploring the presets and samples from the menu-bar to give you an idea of the possibilities.  Once you are ready to start designing your own keyboard, just load one of the presets and start customizing it!  Some tips:</p><ul><li>The selected keys can be modified on the <i>Properties</i> tab.</li><li>The <i>Keyboard Properties</i> tab lets you edit the keyboard background and keyboard metadata.</li><li>The <i>Custom Styles</i> tab lets you write advanced CSS styling rules.</li><li>Don't forget the <i>Color Swatches</i> and <i>Character Picker</i> menu items!  These give you easy access to colors and symbol characters, respectively.</li><li>There are a lot of available keyboard shortcuts; press '?' or 'F1' to see a list.</li></ul><p>When you're ready to save your layout, simply 'Sign In' with your <a href='https://www.github.com'>GitHub</a> account and click the <i>Save</i> button.  Your layout will be saved in a GitHub Gist.</p><p>Have fun!</p>", '', '', '', '', '', '', '', '', '', '', ''], text_color=[None, None, None, None, None, None, None, None, None, None, None, None], text_size=[None, None, None, None, None, None, None, None, None, None, None, None], default=KeyDefault(text_color='#000000', text_size=4), x=4.25, y=0.0, width=14, height=5, x2=0, y2=0, width2=14, height2=5, rotation_x=0.0, rotation_y=0.0, rotation_angle=0.0, decal=True, ghost=False, stepped=False, nub=False, profile='', sm='', sb='', st=''), Key(color='#cccccc', labels=['7', '', '', '', '', '', 'Home', '', '', '', '', ''], text_color=[None, None, None, None, None, None, None, None, None, None, None, None], text_size=[None, None, None, None, None, None, None, None, None, None, None, None], default=KeyDefault(text_color='#000000', text_size=3), x=0.0, y=1.0, width=1, height=1, x2=0, y2=0, width2=1, height2=1, rotation_x=0.0, rotation_y=0.0, rotation_angle=0.0, decal=False, ghost=False, stepped=False, nub=False, profile='', sm='', sb='', st=''), Key(color='#cccccc', labels=['8', '', '', '', '', '', '↑', '', '', '', '', ''], text_color=[None, None, None, None, None, None, None, None, None, None, None, None], text_size=[None, None, None, None, None, None, None, None, None, None, None, None], default=KeyDefault(text_color='#000000', text_size=3), x=1.0, y=1.0, width=1, height=1, x2=0, y2=0, width2=1, height2=1, rotation_x=0.0, rotation_y=0.0, rotation_angle=0.0, decal=False, ghost=False, stepped=False, nub=False, profile='', sm='', sb='', st=''), Key(color='#cccccc', labels=['9', '', '', '', '', '', 'PgUp', '', '', '', '', ''], text_color=[None, None, None, None, None, None, None, None, None, None, None, None], text_size=[None, None, None, None, None, None, None, None, None, None, None, None], default=KeyDefault(text_color='#000000', text_size=3), x=2.0, y=1.0, width=1, height=1, x2=0, y2=0, width2=1, height2=1, rotation_x=0.0, rotation_y=0.0, rotation_angle=0.0, decal=False, ghost=False, stepped=False, nub=False, profile='', sm='', sb='', st=''), Key(color='#cccccc', labels=['+', '', '', '', '', '', '', '', '', '', '', ''], text_color=[None, None, None, None, None, None, None, None, None, None, None, None], text_size=[None, None, None, None, None, None, None, None, None, None, None, None], default=KeyDefault(text_color='#000000', text_size=3), x=3.0, y=1.0, width=1, height=2, x2=0, y2=0, width2=1, height2=2, rotation_x=0.0, rotation_y=0.0, rotation_angle=0.0, decal=False, ghost=False, stepped=False, nub=False, profile='', sm='', sb='', st=''), Key(color='#cccccc', labels=['4', '', '', '', '', '', '←', '', '', '', '', ''], text_color=[None, None, None, None, None, None, None, None, None, None, None, None], text_size=[None, None, None, None, None, None, None, None, None, None, None, None], default=KeyDefault(text_color='#000000', text_size=3), x=0.0, y=2.0, width=1, height=1, x2=0, y2=0, width2=1, height2=1, rotation_x=0.0, rotation_y=0.0, rotation_angle=0.0, decal=False, ghost=False, stepped=False, nub=False, profile='', sm='', sb='', st=''), Key(color='#cccccc', labels=['5', '', '', '', '', '', '', '', '', '', '', ''], text_color=[None, None, None, None, None, None, None, None, None, None, None, None], text_size=[None, None, None, None, None, None, None, None, None, None, None, None], default=KeyDefault(text_color='#000000', text_size=3), x=1.0, y=2.0, width=1, height=1, x2=0, y2=0, width2=1, height2=1, rotation_x=0.0, rotation_y=0.0, rotation_angle=0.0, decal=False, ghost=False, stepped=False, nub=False, profile='', sm='', sb='', st=''), Key(color='#cccccc', labels=['6', '', '', '', '', '', '→', '', '', '', '', ''], text_color=[None, None, None, None, None, None, None, None, None, None, None, None], text_size=[None, None, None, None, None, None, None, None, None, None, None, None], default=KeyDefault(text_color='#000000', text_size=3), x=2.0, y=2.0, width=1, height=1, x2=0, y2=0, width2=1, height2=1, rotation_x=0.0, rotation_y=0.0, rotation_angle=0.0, decal=False, ghost=False, stepped=False, nub=False, profile='', sm='', sb='', st=''), Key(color='#cccccc', labels=['1', '', '', '', '', '', 'End', '', '', '', '', ''], text_color=[None, None, None, None, None, None, None, None, None, None, None, None], text_size=[None, None, None, None, None, None, None, None, None, None, None, None], default=KeyDefault(text_color='#000000', text_size=3), x=0.0, y=3.0, width=1, height=1, x2=0, y2=0, width2=1, height2=1, rotation_x=0.0, rotation_y=0.0, rotation_angle=0.0, decal=False, ghost=False, stepped=False, nub=False, profile='', sm='', sb='', st=''), Key(color='#cccccc', labels=['2', '', '', '', '', '', '↓', '', '', '', '', ''], text_color=[None, None, None, None, None, None, None, None, None, None, None, None], text_size=[None, None, None, None, None, None, None, None, None, None, None, None], default=KeyDefault(text_color='#000000', text_size=3), x=1.0, y=3.0, width=1, height=1, x2=0, y2=0, width2=1, height2=1, rotation_x=0.0, rotation_y=0.0, rotation_angle=0.0, decal=False, ghost=False, stepped=False, nub=False, profile='', sm='', sb='', st=''), Key(color='#cccccc', labels=['3', '', '', '', '', '', 'PgDn', '', '', '', '', ''], text_color=[None, None, None, None, None, None, None, None, None, None, None, None], text_size=[None, None, None, None, None, None, None, None, None, None, None, None], default=KeyDefault(text_color='#000000', text_size=3), x=2.0, y=3.0, width=1, height=1, x2=0, y2=0, width2=1, height2=1, rotation_x=0.0, rotation_y=0.0, rotation_angle=0.0, decal=False, ghost=False, stepped=False, nub=False, profile='', sm='', sb='', st=''), Key(color='#cccccc', labels=['Enter', '', '', '', '', '', '', '', '', '', '', ''], text_color=[None, None, None, None, None, None, None, None, None, None, None, None], text_size=[None, None, None, None, None, None, None, None, None, None, None, None], default=KeyDefault(text_color='#000000', text_size=3), x=3.0, y=3.0, width=1, height=2, x2=0, y2=0, width2=1, height2=2, rotation_x=0.0, rotation_y=0.0, rotation_angle=0.0, decal=False, ghost=False, stepped=False, nub=False, profile='', sm='', sb='', st=''), Key(color='#cccccc', labels=['0', '', '', '', '', '', 'Ins', '', '', '', '', ''], text_color=[None, None, None, None, None, None, None, None, None, None, None, None], text_size=[None, None, None, None, None, None, None, None, None, None, None, None], default=KeyDefault(text_color='#000000', text_size=3), x=0.0, y=4.0, width=2, height=1, x2=0, y2=0, width2=2, height2=1, rotation_x=0.0, rotation_y=0.0, rotation_angle=0.0, decal=False, ghost=False, stepped=False, nub=False, profile='', sm='', sb='', st=''), Key(color='#cccccc', labels=['.', '', '', '', '', '', 'Del', '', '', '', '', ''], text_color=[None, None, None, None, None, None, None, None, None, None, None, None], text_size=[None, None, None, None, None, None, None, None, None, None, None, None], default=KeyDefault(text_color='#000000', text_size=3), x=2.0, y=4.0, width=1, height=1, x2=0, y2=0, width2=1, height2=1, rotation_x=0.0, rotation_y=0.0, rotation_angle=0.0, decal=False, ghost=False, stepped=False, nub=False, profile='', sm='', sb='', st='')])
01:00:09 com_github_zykrah_kicad-kle-placer.kle_placer_action 181: [Key(color='#cccccc', labels=['Num Lock', '', '', '', '', '', '', '', '', '', '', ''], text_color=[None, None, None, None, None, None, None, None, None, None, None, None], text_size=[None, None, None, None, None, None, None, None, None, None, None, None], default=KeyDefault(text_color='#000000', text_size=3), x=0.0, y=0.0, width=1.0, height=1.0, x2=0.0, y2=0.0, width2=1.0, height2=1.0, rotation_x=0.0, rotation_y=0.0, rotation_angle=0.0, decal=False, ghost=False, stepped=False, nub=False, profile='', sm='', sb='', st=''), Key(color='#cccccc', labels=['/', '', '', '', '', '', '', '', '', '', '', ''], text_color=[None, None, None, None, None, None, None, None, None, None, None, None], text_size=[None, None, None, None, None, None, None, None, None, None, None, None], default=KeyDefault(text_color='#000000', text_size=3), x=1.0, y=0.0, width=1, height=1, x2=0, y2=0, width2=1, height2=1, rotation_x=0.0, rotation_y=0.0, rotation_angle=0.0, decal=False, ghost=False, stepped=False, nub=False, profile='', sm='', sb='', st=''), Key(color='#cccccc', labels=['*', '', '', '', '', '', '', '', '', '', '', ''], text_color=[None, None, None, None, None, None, None, None, None, None, None, None], text_size=[None, None, None, None, None, None, None, None, None, None, None, None], default=KeyDefault(text_color='#000000', text_size=3), x=2.0, y=0.0, width=1, height=1, x2=0, y2=0, width2=1, height2=1, rotation_x=0.0, rotation_y=0.0, rotation_angle=0.0, decal=False, ghost=False, stepped=False, nub=False, profile='', sm='', sb='', st=''), Key(color='#cccccc', labels=['-', '', '', '', '', '', '', '', '', '', '', ''], text_color=[None, None, None, None, None, None, None, None, None, None, None, None], text_size=[None, None, None, None, None, None, None, None, None, None, None, None], default=KeyDefault(text_color='#000000', text_size=3), x=3.0, y=0.0, width=1, height=1, x2=0, y2=0, width2=1, height2=1, rotation_x=0.0, rotation_y=0.0, rotation_angle=0.0, decal=False, ghost=False, stepped=False, nub=False, profile='', sm='', sb='', st=''), Key(color='#cccccc', labels=["<h5><b>Getting Started with Keyboard-Layout-Editor.com</b></h5><p>Keyboard-layout-editor.com is a web application that enables the editing of keyboard-layouts, i.e., the position and appearance of each physical key.</p><p>Start by exploring the presets and samples from the menu-bar to give you an idea of the possibilities.  Once you are ready to start designing your own keyboard, just load one of the presets and start customizing it!  Some tips:</p><ul><li>The selected keys can be modified on the <i>Properties</i> tab.</li><li>The <i>Keyboard Properties</i> tab lets you edit the keyboard background and keyboard metadata.</li><li>The <i>Custom Styles</i> tab lets you write advanced CSS styling rules.</li><li>Don't forget the <i>Color Swatches</i> and <i>Character Picker</i> menu items!  These give you easy access to colors and symbol characters, respectively.</li><li>There are a lot of available keyboard shortcuts; press '?' or 'F1' to see a list.</li></ul><p>When you're ready to save your layout, simply 'Sign In' with your <a href='https://www.github.com'>GitHub</a> account and click the <i>Save</i> button.  Your layout will be saved in a GitHub Gist.</p><p>Have fun!</p>", '', '', '', '', '', '', '', '', '', '', ''], text_color=[None, None, None, None, None, None, None, None, None, None, None, None], text_size=[None, None, None, None, None, None, None, None, None, None, None, None], default=KeyDefault(text_color='#000000', text_size=4), x=4.25, y=0.0, width=14, height=5, x2=0, y2=0, width2=14, height2=5, rotation_x=0.0, rotation_y=0.0, rotation_angle=0.0, decal=True, ghost=False, stepped=False, nub=False, profile='', sm='', sb='', st=''), Key(color='#cccccc', labels=['7', '', '', '', '', '', 'Home', '', '', '', '', ''], text_color=[None, None, None, None, None, None, None, None, None, None, None, None], text_size=[None, None, None, None, None, None, None, None, None, None, None, None], default=KeyDefault(text_color='#000000', text_size=3), x=0.0, y=1.0, width=1, height=1, x2=0, y2=0, width2=1, height2=1, rotation_x=0.0, rotation_y=0.0, rotation_angle=0.0, decal=False, ghost=False, stepped=False, nub=False, profile='', sm='', sb='', st=''), Key(color='#cccccc', labels=['8', '', '', '', '', '', '↑', '', '', '', '', ''], text_color=[None, None, None, None, None, None, None, None, None, None, None, None], text_size=[None, None, None, None, None, None, None, None, None, None, None, None], default=KeyDefault(text_color='#000000', text_size=3), x=1.0, y=1.0, width=1, height=1, x2=0, y2=0, width2=1, height2=1, rotation_x=0.0, rotation_y=0.0, rotation_angle=0.0, decal=False, ghost=False, stepped=False, nub=False, profile='', sm='', sb='', st=''), Key(color='#cccccc', labels=['9', '', '', '', '', '', 'PgUp', '', '', '', '', ''], text_color=[None, None, None, None, None, None, None, None, None, None, None, None], text_size=[None, None, None, None, None, None, None, None, None, None, None, None], default=KeyDefault(text_color='#000000', text_size=3), x=2.0, y=1.0, width=1, height=1, x2=0, y2=0, width2=1, height2=1, rotation_x=0.0, rotation_y=0.0, rotation_angle=0.0, decal=False, ghost=False, stepped=False, nub=False, profile='', sm='', sb='', st=''), Key(color='#cccccc', labels=['+', '', '', '', '', '', '', '', '', '', '', ''], text_color=[None, None, None, None, None, None, None, None, None, None, None, None], text_size=[None, None, None, None, None, None, None, None, None, None, None, None], default=KeyDefault(text_color='#000000', text_size=3), x=3.0, y=1.0, width=1, height=2, x2=0, y2=0, width2=1, height2=2, rotation_x=0.0, rotation_y=0.0, rotation_angle=0.0, decal=False, ghost=False, stepped=False, nub=False, profile='', sm='', sb='', st=''), Key(color='#cccccc', labels=['4', '', '', '', '', '', '←', '', '', '', '', ''], text_color=[None, None, None, None, None, None, None, None, None, None, None, None], text_size=[None, None, None, None, None, None, None, None, None, None, None, None], default=KeyDefault(text_color='#000000', text_size=3), x=0.0, y=2.0, width=1, height=1, x2=0, y2=0, width2=1, height2=1, rotation_x=0.0, rotation_y=0.0, rotation_angle=0.0, decal=False, ghost=False, stepped=False, nub=False, profile='', sm='', sb='', st=''), Key(color='#cccccc', labels=['5', '', '', '', '', '', '', '', '', '', '', ''], text_color=[None, None, None, None, None, None, None, None, None, None, None, None], text_size=[None, None, None, None, None, None, None, None, None, None, None, None], default=KeyDefault(text_color='#000000', text_size=3), x=1.0, y=2.0, width=1, height=1, x2=0, y2=0, width2=1, height2=1, rotation_x=0.0, rotation_y=0.0, rotation_angle=0.0, decal=False, ghost=False, stepped=False, nub=False, profile='', sm='', sb='', st=''), Key(color='#cccccc', labels=['6', '', '', '', '', '', '→', '', '', '', '', ''], text_color=[None, None, None, None, None, None, None, None, None, None, None, None], text_size=[None, None, None, None, None, None, None, None, None, None, None, None], default=KeyDefault(text_color='#000000', text_size=3), x=2.0, y=2.0, width=1, height=1, x2=0, y2=0, width2=1, height2=1, rotation_x=0.0, rotation_y=0.0, rotation_angle=0.0, decal=False, ghost=False, stepped=False, nub=False, profile='', sm='', sb='', st=''), Key(color='#cccccc', labels=['1', '', '', '', '', '', 'End', '', '', '', '', ''], text_color=[None, None, None, None, None, None, None, None, None, None, None, None], text_size=[None, None, None, None, None, None, None, None, None, None, None, None], default=KeyDefault(text_color='#000000', text_size=3), x=0.0, y=3.0, width=1, height=1, x2=0, y2=0, width2=1, height2=1, rotation_x=0.0, rotation_y=0.0, rotation_angle=0.0, decal=False, ghost=False, stepped=False, nub=False, profile='', sm='', sb='', st=''), Key(color='#cccccc', labels=['2', '', '', '', '', '', '↓', '', '', '', '', ''], text_color=[None, None, None, None, None, None, None, None, None, None, None, None], text_size=[None, None, None, None, None, None, None, None, None, None, None, None], default=KeyDefault(text_color='#000000', text_size=3), x=1.0, y=3.0, width=1, height=1, x2=0, y2=0, width2=1, height2=1, rotation_x=0.0, rotation_y=0.0, rotation_angle=0.0, decal=False, ghost=False, stepped=False, nub=False, profile='', sm='', sb='', st=''), Key(color='#cccccc', labels=['3', '', '', '', '', '', 'PgDn', '', '', '', '', ''], text_color=[None, None, None, None, None, None, None, None, None, None, None, None], text_size=[None, None, None, None, None, None, None, None, None, None, None, None], default=KeyDefault(text_color='#000000', text_size=3), x=2.0, y=3.0, width=1, height=1, x2=0, y2=0, width2=1, height2=1, rotation_x=0.0, rotation_y=0.0, rotation_angle=0.0, decal=False, ghost=False, stepped=False, nub=False, profile='', sm='', sb='', st=''), Key(color='#cccccc', labels=['Enter', '', '', '', '', '', '', '', '', '', '', ''], text_color=[None, None, None, None, None, None, None, None, None, None, None, None], text_size=[None, None, None, None, None, None, None, None, None, None, None, None], default=KeyDefault(text_color='#000000', text_size=3), x=3.0, y=3.0, width=1, height=2, x2=0, y2=0, width2=1, height2=2, rotation_x=0.0, rotation_y=0.0, rotation_angle=0.0, decal=False, ghost=False, stepped=False, nub=False, profile='', sm='', sb='', st=''), Key(color='#cccccc', labels=['0', '', '', '', '', '', 'Ins', '', '', '', '', ''], text_color=[None, None, None, None, None, None, None, None, None, None, None, None], text_size=[None, None, None, None, None, None, None, None, None, None, None, None], default=KeyDefault(text_color='#000000', text_size=3), x=0.0, y=4.0, width=2, height=1, x2=0, y2=0, width2=2, height2=1, rotation_x=0.0, rotation_y=0.0, rotation_angle=0.0, decal=False, ghost=False, stepped=False, nub=False, profile='', sm='', sb='', st=''), Key(color='#cccccc', labels=['.', '', '', '', '', '', 'Del', '', '', '', '', ''], text_color=[None, None, None, None, None, None, None, None, None, None, None, None], text_size=[None, None, None, None, None, None, None, None, None, None, None, None], default=KeyDefault(text_color='#000000', text_size=3), x=2.0, y=4.0, width=1, height=1, x2=0, y2=0, width2=1, height2=1, rotation_x=0.0, rotation_y=0.0, rotation_angle=0.0, decal=False, ghost=False, stepped=False, nub=False, profile='', sm='', sb='', st='')]
01:00:09 com_github_zykrah_kicad-kle-placer.kle_placer_action 134: Searching for SW1 footprint
01:00:09 com_github_zykrah_kicad-kle-placer.kle_placer_action 348: first_key_pos (35395000, 20009800)
01:00:09 com_github_zykrah_kicad-kle-placer.kle_placer_action 361: default_key_rotation 0.0
01:00:09 com_github_zykrah_kicad-kle-placer.kle_placer_action 134: Searching for D1 footprint
01:00:09 com_github_zykrah_kicad-kle-placer.kle_placer_action 134: Searching for D1 footprint
01:00:09 com_github_zykrah_kicad-kle-placer.kle_placer_action 134: Searching for SW1 footprint
01:00:09 com_github_zykrah_kicad-kle-placer.kle_placer_action 134: Searching for S1 footprint
01:00:09 com_github_zykrah_kicad-kle-placer.kle_placer_action 142: Setting SW1 footprint position: (44920000, 29534800)
01:00:09 com_github_zykrah_kicad-kle-placer.kle_placer_action 142: Setting D1 footprint position: (-178178500, -2733099)
01:00:09 com_github_zykrah_kicad-kle-placer.kle_placer_action 150: Rotating D1 footprint: rotationReference: (44920000, 29534800), rotationAngle: 0
01:00:09 com_github_zykrah_kicad-kle-placer.kle_placer_action 134: Searching for D2 footprint
01:00:09 com_github_zykrah_kicad-kle-placer.kle_placer_action 134: Searching for SW2 footprint
01:00:09 com_github_zykrah_kicad-kle-placer.kle_placer_action 134: Searching for S2 footprint
01:00:09 com_github_zykrah_kicad-kle-placer.kle_placer_action 142: Setting SW2 footprint position: (63970000, 29534800)
01:00:09 com_github_zykrah_kicad-kle-placer.kle_placer_action 142: Setting D2 footprint position: (-159128500, -2733099)
01:00:09 com_github_zykrah_kicad-kle-placer.kle_placer_action 150: Rotating D2 footprint: rotationReference: (63970000, 29534800), rotationAngle: 0
01:00:09 com_github_zykrah_kicad-kle-placer.kle_placer_action 134: Searching for D3 footprint
01:00:09 com_github_zykrah_kicad-kle-placer.kle_placer_action 134: Searching for SW3 footprint
01:00:09 com_github_zykrah_kicad-kle-placer.kle_placer_action 134: Searching for S3 footprint
01:00:09 com_github_zykrah_kicad-kle-placer.kle_placer_action 142: Setting SW3 footprint position: (83020000, 29534800)
01:00:09 com_github_zykrah_kicad-kle-placer.kle_placer_action 142: Setting D3 footprint position: (-140078500, -2733099)
01:00:09 com_github_zykrah_kicad-kle-placer.kle_placer_action 150: Rotating D3 footprint: rotationReference: (83020000, 29534800), rotationAngle: 0
01:00:09 com_github_zykrah_kicad-kle-placer.kle_placer_action 134: Searching for D4 footprint
01:00:09 com_github_zykrah_kicad-kle-placer.kle_placer_action 134: Searching for SW4 footprint
01:00:09 com_github_zykrah_kicad-kle-placer.kle_placer_action 134: Searching for S4 footprint
01:00:09 com_github_zykrah_kicad-kle-placer.kle_placer_action 142: Setting SW4 footprint position: (102070000, 29534800)
01:00:09 com_github_zykrah_kicad-kle-placer.kle_placer_action 142: Setting D4 footprint position: (-121028500, -2733099)
01:00:09 com_github_zykrah_kicad-kle-placer.kle_placer_action 150: Rotating D4 footprint: rotationReference: (102070000, 29534800), rotationAngle: 0
01:00:09 com_github_zykrah_kicad-kle-placer.kle_placer_action 134: Searching for D5 footprint
01:00:09 com_github_zykrah_kicad-kle-placer.kle_placer_action 134: Searching for SW5 footprint
01:00:09 com_github_zykrah_kicad-kle-placer.kle_placer_action 134: Searching for S5 footprint
01:00:09 com_github_zykrah_kicad-kle-placer.kle_placer_action 142: Setting SW5 footprint position: (249707500, 67634800)
01:00:09 com_github_zykrah_kicad-kle-placer.kle_placer_action 142: Setting D5 footprint position: (26609000, 35366901)
01:00:09 com_github_zykrah_kicad-kle-placer.kle_placer_action 150: Rotating D5 footprint: rotationReference: (249707500, 67634800), rotationAngle: 0
01:00:09 com_github_zykrah_kicad-kle-placer.kle_placer_action 134: Searching for D6 footprint
01:00:09 com_github_zykrah_kicad-kle-placer.kle_placer_action 134: Searching for SW6 footprint
01:00:09 com_github_zykrah_kicad-kle-placer.kle_placer_action 134: Searching for S6 footprint
01:00:09 com_github_zykrah_kicad-kle-placer.kle_placer_action 142: Setting SW6 footprint position: (44920000, 48584800)
01:00:09 com_github_zykrah_kicad-kle-placer.kle_placer_action 142: Setting D6 footprint position: (-178178500, 16316901)
01:00:09 com_github_zykrah_kicad-kle-placer.kle_placer_action 150: Rotating D6 footprint: rotationReference: (44920000, 48584800), rotationAngle: 0
01:00:09 com_github_zykrah_kicad-kle-placer.kle_placer_action 134: Searching for D7 footprint
01:00:09 com_github_zykrah_kicad-kle-placer.kle_placer_action 134: Searching for SW7 footprint
01:00:09 com_github_zykrah_kicad-kle-placer.kle_placer_action 134: Searching for S7 footprint
01:00:09 com_github_zykrah_kicad-kle-placer.kle_placer_action 142: Setting SW7 footprint position: (63970000, 48584800)
01:00:09 com_github_zykrah_kicad-kle-placer.kle_placer_action 142: Setting D7 footprint position: (-159128500, 16316901)
01:00:09 com_github_zykrah_kicad-kle-placer.kle_placer_action 150: Rotating D7 footprint: rotationReference: (63970000, 48584800), rotationAngle: 0
01:00:09 com_github_zykrah_kicad-kle-placer.kle_placer_action 134: Searching for D8 footprint
01:00:09 com_github_zykrah_kicad-kle-placer.kle_placer_action 134: Searching for SW8 footprint
01:00:09 com_github_zykrah_kicad-kle-placer.kle_placer_action 134: Searching for S8 footprint
01:00:09 com_github_zykrah_kicad-kle-placer.kle_placer_action 142: Setting SW8 footprint position: (83020000, 48584800)
01:00:09 com_github_zykrah_kicad-kle-placer.kle_placer_action 142: Setting D8 footprint position: (-140078500, 16316901)
01:00:09 com_github_zykrah_kicad-kle-placer.kle_placer_action 150: Rotating D8 footprint: rotationReference: (83020000, 48584800), rotationAngle: 0
01:00:09 com_github_zykrah_kicad-kle-placer.kle_placer_action 134: Searching for D9 footprint
01:00:09 com_github_zykrah_kicad-kle-placer.kle_placer_action 134: Searching for SW9 footprint
01:00:09 com_github_zykrah_kicad-kle-placer.kle_placer_action 134: Searching for S9 footprint
01:00:09 com_github_zykrah_kicad-kle-placer.kle_placer_action 142: Setting SW9 footprint position: (102070000, 58109800)
01:00:09 com_github_zykrah_kicad-kle-placer.kle_placer_action 142: Setting D9 footprint position: (-121028500, 25841901)
01:00:09 com_github_zykrah_kicad-kle-placer.kle_placer_action 150: Rotating D9 footprint: rotationReference: (102070000, 58109800), rotationAngle: 0
01:00:09 com_github_zykrah_kicad-kle-placer.kle_placer_action 134: Searching for D10 footprint
01:00:09 com_github_zykrah_kicad-kle-placer.kle_placer_action 134: Searching for SW10 footprint
01:00:09 com_github_zykrah_kicad-kle-placer.kle_placer_action 134: Searching for S10 footprint
01:00:09 com_github_zykrah_kicad-kle-placer.kle_placer_action 142: Setting SW10 footprint position: (44920000, 67634800)
01:00:09 com_github_zykrah_kicad-kle-placer.kle_placer_action 142: Setting D10 footprint position: (-178178500, 35366901)
01:00:09 com_github_zykrah_kicad-kle-placer.kle_placer_action 150: Rotating D10 footprint: rotationReference: (44920000, 67634800), rotationAngle: 0
01:00:09 com_github_zykrah_kicad-kle-placer.kle_placer_action 134: Searching for D11 footprint
01:00:09 com_github_zykrah_kicad-kle-placer.kle_placer_action 134: Searching for SW11 footprint
01:00:09 com_github_zykrah_kicad-kle-placer.kle_placer_action 134: Searching for S11 footprint
01:00:09 com_github_zykrah_kicad-kle-placer.kle_placer_action 142: Setting SW11 footprint position: (63970000, 67634800)
01:00:09 com_github_zykrah_kicad-kle-placer.kle_placer_action 142: Setting D11 footprint position: (-159128500, 35366901)
01:00:09 com_github_zykrah_kicad-kle-placer.kle_placer_action 150: Rotating D11 footprint: rotationReference: (63970000, 67634800), rotationAngle: 0
01:00:09 com_github_zykrah_kicad-kle-placer.kle_placer_action 134: Searching for D12 footprint
01:00:09 com_github_zykrah_kicad-kle-placer.kle_placer_action 134: Searching for SW12 footprint
01:00:09 com_github_zykrah_kicad-kle-placer.kle_placer_action 134: Searching for S12 footprint
01:00:09 com_github_zykrah_kicad-kle-placer.kle_placer_action 142: Setting SW12 footprint position: (83020000, 67634800)
01:00:09 com_github_zykrah_kicad-kle-placer.kle_placer_action 142: Setting D12 footprint position: (-140078500, 35366901)
01:00:09 com_github_zykrah_kicad-kle-placer.kle_placer_action 150: Rotating D12 footprint: rotationReference: (83020000, 67634800), rotationAngle: 0
01:00:09 com_github_zykrah_kicad-kle-placer.kle_placer_action 134: Searching for D13 footprint
01:00:09 com_github_zykrah_kicad-kle-placer.kle_placer_action 134: Searching for SW13 footprint
01:00:09 com_github_zykrah_kicad-kle-placer.kle_placer_action 134: Searching for S13 footprint
01:00:09 com_github_zykrah_kicad-kle-placer.kle_placer_action 142: Setting SW13 footprint position: (44920000, 86684800)
01:00:09 com_github_zykrah_kicad-kle-placer.kle_placer_action 142: Setting D13 footprint position: (-178178500, 54416901)
01:00:09 com_github_zykrah_kicad-kle-placer.kle_placer_action 150: Rotating D13 footprint: rotationReference: (44920000, 86684800), rotationAngle: 0
01:00:09 com_github_zykrah_kicad-kle-placer.kle_placer_action 134: Searching for D14 footprint
01:00:09 com_github_zykrah_kicad-kle-placer.kle_placer_action 134: Searching for SW14 footprint
01:00:09 com_github_zykrah_kicad-kle-placer.kle_placer_action 134: Searching for S14 footprint
01:00:09 com_github_zykrah_kicad-kle-placer.kle_placer_action 142: Setting SW14 footprint position: (63970000, 86684800)
01:00:09 com_github_zykrah_kicad-kle-placer.kle_placer_action 142: Setting D14 footprint position: (-159128500, 54416901)
01:00:09 com_github_zykrah_kicad-kle-placer.kle_placer_action 150: Rotating D14 footprint: rotationReference: (63970000, 86684800), rotationAngle: 0
01:00:09 com_github_zykrah_kicad-kle-placer.kle_placer_action 134: Searching for D15 footprint
01:00:09 com_github_zykrah_kicad-kle-placer.kle_placer_action 134: Searching for SW15 footprint
01:00:09 com_github_zykrah_kicad-kle-placer.kle_placer_action 134: Searching for S15 footprint
01:00:09 com_github_zykrah_kicad-kle-placer.kle_placer_action 142: Setting SW15 footprint position: (83020000, 86684800)
01:00:09 com_github_zykrah_kicad-kle-placer.kle_placer_action 142: Setting D15 footprint position: (-140078500, 54416901)
01:00:09 com_github_zykrah_kicad-kle-placer.kle_placer_action 150: Rotating D15 footprint: rotationReference: (83020000, 86684800), rotationAngle: 0
01:00:09 com_github_zykrah_kicad-kle-placer.kle_placer_action 134: Searching for D16 footprint
01:00:09 com_github_zykrah_kicad-kle-placer.kle_placer_action 134: Searching for SW16 footprint
01:00:09 com_github_zykrah_kicad-kle-placer.kle_placer_action 134: Searching for S16 footprint
01:00:09 com_github_zykrah_kicad-kle-placer.kle_placer_action 142: Setting SW16 footprint position: (102070000, 96209800)
01:00:09 com_github_zykrah_kicad-kle-placer.kle_placer_action 142: Setting D16 footprint position: (-121028500, 63941901)
01:00:09 com_github_zykrah_kicad-kle-placer.kle_placer_action 150: Rotating D16 footprint: rotationReference: (102070000, 96209800), rotationAngle: 0
01:00:09 com_github_zykrah_kicad-kle-placer.kle_placer_action 134: Searching for D17 footprint
01:00:09 com_github_zykrah_kicad-kle-placer.kle_placer_action 134: Searching for SW17 footprint
01:00:09 com_github_zykrah_kicad-kle-placer.kle_placer_action 134: Searching for S17 footprint
01:00:09 com_github_zykrah_kicad-kle-placer.kle_placer_action 142: Setting SW17 footprint position: (54445000, 105734800)
01:00:09 com_github_zykrah_kicad-kle-placer.kle_placer_action 142: Setting D17 footprint position: (-168653500, 73466901)
01:00:09 com_github_zykrah_kicad-kle-placer.kle_placer_action 150: Rotating D17 footprint: rotationReference: (54445000, 105734800), rotationAngle: 0
01:00:09 com_github_zykrah_kicad-kle-placer.kle_placer_action 134: Searching for D18 footprint
01:00:09 com_github_zykrah_kicad-kle-placer.kle_placer_action 134: Searching for SW18 footprint
01:00:09 com_github_zykrah_kicad-kle-placer.kle_placer_action 137: Footprint not found
